<?xml version="1.0" encoding="UTF-8"?>
<testng-results skipped="0" failed="0" total="2" passed="2">
  <reporter-output>
  </reporter-output>
  <suite name="Command line suite" duration-ms="30" started-at="2015-10-09T15:45:50Z" finished-at="2015-10-09T15:45:50Z">
    <groups>
    </groups>
    <test name="Command line test" duration-ms="30" started-at="2015-10-09T15:45:50Z" finished-at="2015-10-09T15:45:50Z">
      <class name="com.learntestng.SampleTest">
        <test-method status="PASS" signature="SampleMessageTest()" name="SampleMessageTest" duration-ms="1" started-at="2015-10-09T15:45:50Z" finished-at="2015-10-09T15:45:50Z">
        </test-method>
      </class>
      <class name="com.learntestng.AppTest">
        <test-method status="PASS" signature="SendMail()" name="SendMail" duration-ms="13" started-at="2015-10-09T15:45:50Z" finished-at="2015-10-09T15:45:50Z">
        </test-method>
      </class>
    </test>
  </suite>
</testng-results>
