<?xml version="1.0" encoding="UTF-8"?>
<testng-results skipped="0" failed="0" total="1" passed="1">
  <reporter-output>
  </reporter-output>
  <suite name="Default suite" duration-ms="42" started-at="2015-09-17T19:43:20Z" finished-at="2015-09-17T19:43:20Z">
    <groups>
    </groups>
    <test name="Default test" duration-ms="42" started-at="2015-09-17T19:43:20Z" finished-at="2015-09-17T19:43:20Z">
      <class name="com.learntestng.AppTest">
        <test-method status="PASS" signature="SendMail()" name="SendMail" duration-ms="26" started-at="2015-09-17T19:43:20Z" finished-at="2015-09-17T19:43:20Z">
        </test-method>
      </class>
    </test>
  </suite>
</testng-results>
